<?xml version="1.0" encoding="UTF-8"?>
<!-- Generated by org.testng.reporters.JUnitReportReporter -->
<testsuite name="com.nationalguard.ddf.testcases.CareerOptionsLinksTest" tests="2" time="52.196" ignored="0" failures="0" timestamp="03 Jan 2020 06:06:34 GMT" skipped="0" hostname="ajay-PC" errors="0">
  <testcase name="fitnessCalculator" time="21.627" classname="com.nationalguard.ddf.testcases.CareerOptionsLinksTest"/>
  <testcase name="fitnessCalculator" time="30.569" classname="com.nationalguard.ddf.testcases.CareerOptionsLinksTest"/>
</testsuite> <!-- com.nationalguard.ddf.testcases.CareerOptionsLinksTest -->
