<?xml version="1.0" encoding="UTF-8"?>
<!-- Generated by org.testng.reporters.JUnitReportReporter -->
<testsuite name="com.nationalguard.ddf.testcases.GuardPayTest" tests="2" time="52.411" ignored="0" failures="0" timestamp="21 Dec 2019 05:42:15 GMT" skipped="0" hostname="ajay-PC" errors="0">
  <testcase name="guardpayEnlisted" time="25.799" classname="com.nationalguard.ddf.testcases.GuardPayTest"/>
  <testcase name="guardpayEnlisted" time="26.612" classname="com.nationalguard.ddf.testcases.GuardPayTest"/>
</testsuite> <!-- com.nationalguard.ddf.testcases.GuardPayTest -->
