<?xml version="1.0" encoding="UTF-8"?>
<!-- Generated by org.testng.reporters.JUnitReportReporter -->
<testsuite name="com.nationalguard.ddf.testcases.AsvabTest" tests="2" time="85.165" ignored="0" failures="0" timestamp="25 Dec 2019 23:07:42 GMT" skipped="0" hostname="ajay-PC" errors="0">
  <testcase name="fitnessCalculator" time="37.790" classname="com.nationalguard.ddf.testcases.AsvabTest"/>
  <testcase name="fitnessCalculator" time="47.375" classname="com.nationalguard.ddf.testcases.AsvabTest"/>
</testsuite> <!-- com.nationalguard.ddf.testcases.AsvabTest -->
