<?xml version="1.0" encoding="UTF-8"?>
<!-- Generated by org.testng.reporters.JUnitReportReporter -->
<testsuite name="com.nationalguard.ddf.testcases.WeightCalculatorTest" tests="2" time="46.597" ignored="0" failures="0" timestamp="21 Dec 2019 05:42:15 GMT" skipped="0" hostname="ajay-PC" errors="0">
  <testcase name="weightCalculatorMale" time="17.708" classname="com.nationalguard.ddf.testcases.WeightCalculatorTest"/>
  <testcase name="weightCalculatorMale" time="28.889" classname="com.nationalguard.ddf.testcases.WeightCalculatorTest"/>
</testsuite> <!-- com.nationalguard.ddf.testcases.WeightCalculatorTest -->
