<?xml version="1.0" encoding="UTF-8"?>
<!-- Generated by org.testng.reporters.JUnitReportReporter -->
<testsuite name="com.nationalguard.ddf.testcases.WhatItTakesLinksTest" tests="2" time="50.396" ignored="0" failures="0" timestamp="26 Dec 2019 00:54:59 GMT" skipped="0" hostname="ajay-PC" errors="0">
  <testcase name="fitnessCalculator" time="24.032" classname="com.nationalguard.ddf.testcases.WhatItTakesLinksTest"/>
  <testcase name="fitnessCalculator" time="26.364" classname="com.nationalguard.ddf.testcases.WhatItTakesLinksTest"/>
</testsuite> <!-- com.nationalguard.ddf.testcases.WhatItTakesLinksTest -->
