<?xml version="1.0" encoding="UTF-8"?>
<!-- Generated by org.testng.reporters.JUnitReportReporter -->
<testsuite name="com.nationalguard.ddf.testcases.DummyTestC" tests="4" time="0.387" ignored="0" failures="0" timestamp="18 Dec 2019 00:36:23 GMT" skipped="4" hostname="ajay-PC" errors="0">
  <testcase name="testC" time="0.094" classname="com.nationalguard.ddf.testcases.DummyTestC">
    <skipped/>
  </testcase> <!-- testC -->
  <testcase name="testC" time="0.115" classname="com.nationalguard.ddf.testcases.DummyTestC">
    <skipped/>
  </testcase> <!-- testC -->
  <testcase name="testC" time="0.098" classname="com.nationalguard.ddf.testcases.DummyTestC">
    <skipped/>
  </testcase> <!-- testC -->
  <testcase name="testC" time="0.080" classname="com.nationalguard.ddf.testcases.DummyTestC">
    <skipped/>
  </testcase> <!-- testC -->
</testsuite> <!-- com.nationalguard.ddf.testcases.DummyTestC -->
