<?xml version="1.0" encoding="UTF-8"?>
<!-- Generated by org.testng.reporters.JUnitReportReporter -->
<testsuite name="com.nationalguard.ddf.testcases.FitnessCal" tests="2" time="39.872" ignored="0" failures="0" timestamp="21 Dec 2019 05:42:15 GMT" skipped="0" hostname="ajay-PC" errors="0">
  <testcase name="fitnessCalculator" time="17.567" classname="com.nationalguard.ddf.testcases.FitnessCal"/>
  <testcase name="fitnessCalculator" time="22.305" classname="com.nationalguard.ddf.testcases.FitnessCal"/>
</testsuite> <!-- com.nationalguard.ddf.testcases.FitnessCal -->
