<?xml version="1.0" encoding="UTF-8"?>
<!-- Generated by org.testng.reporters.JUnitReportReporter -->
<testsuite name="com.nationalguard.ddf.testcases.NationalGuardGetStarted" tests="3" time="59.334" ignored="0" failures="0" timestamp="21 Dec 2019 05:42:15 GMT" skipped="1" hostname="ajay-PC" errors="0">
  <testcase name="getStartedForm" time="29.033" classname="com.nationalguard.ddf.testcases.NationalGuardGetStarted"/>
  <testcase name="getStartedForm" time="28.170" classname="com.nationalguard.ddf.testcases.NationalGuardGetStarted"/>
  <testcase name="getStartedForm" time="2.131" classname="com.nationalguard.ddf.testcases.NationalGuardGetStarted">
    <skipped/>
  </testcase> <!-- getStartedForm -->
</testsuite> <!-- com.nationalguard.ddf.testcases.NationalGuardGetStarted -->
