<?xml version="1.0" encoding="UTF-8"?>
<!-- Generated by org.testng.reporters.JUnitReportReporter -->
<testsuite name="com.nationalguard.ddf.testcases.DummyTestB" tests="2" time="0.183" ignored="0" failures="0" timestamp="18 Dec 2019 00:36:23 GMT" skipped="2" hostname="ajay-PC" errors="0">
  <testcase name="testB" time="0.095" classname="com.nationalguard.ddf.testcases.DummyTestB">
    <skipped/>
  </testcase> <!-- testB -->
  <testcase name="testB" time="0.088" classname="com.nationalguard.ddf.testcases.DummyTestB">
    <skipped/>
  </testcase> <!-- testB -->
</testsuite> <!-- com.nationalguard.ddf.testcases.DummyTestB -->
