<?xml version="1.0" encoding="UTF-8"?>
<!-- Generated by org.testng.reporters.JUnitReportReporter -->
<testsuite name="com.nationalguard.ddf.testcases.DummyTestA" tests="5" time="1.016" ignored="0" failures="0" timestamp="18 Dec 2019 00:36:23 GMT" skipped="5" hostname="ajay-PC" errors="0">
  <testcase name="testA3" time="0.000" classname="com.nationalguard.ddf.testcases.DummyTestA">
    <skipped/>
  </testcase> <!-- testA3 -->
  <testcase name="testA1" time="0.119" classname="com.nationalguard.ddf.testcases.DummyTestA">
    <skipped/>
  </testcase> <!-- testA1 -->
  <testcase name="testA1" time="0.312" classname="com.nationalguard.ddf.testcases.DummyTestA">
    <skipped/>
  </testcase> <!-- testA1 -->
  <testcase name="testA1" time="0.585" classname="com.nationalguard.ddf.testcases.DummyTestA">
    <skipped/>
  </testcase> <!-- testA1 -->
  <testcase name="testA2" time="0.000" classname="com.nationalguard.ddf.testcases.DummyTestA">
    <skipped/>
  </testcase> <!-- testA2 -->
</testsuite> <!-- com.nationalguard.ddf.testcases.DummyTestA -->
