<?xml version="1.0" encoding="UTF-8"?>
<!-- Generated by org.testng.reporters.JUnitReportReporter -->
<testsuite name="com.nationalguard.ddf.testcases.ShareButtonLinkTest" tests="2" time="49.622" ignored="0" failures="0" timestamp="29 Dec 2019 23:57:47 GMT" skipped="0" hostname="ajay-PC" errors="0">
  <testcase name="shareButtonlink" time="29.426" classname="com.nationalguard.ddf.testcases.ShareButtonLinkTest"/>
  <testcase name="shareButtonlink" time="20.196" classname="com.nationalguard.ddf.testcases.ShareButtonLinkTest"/>
</testsuite> <!-- com.nationalguard.ddf.testcases.ShareButtonLinkTest -->
